<?xml version="1.0" encoding="UTF-8"?>
<!-- Generated by org.testng.reporters.JUnitXMLReporter -->
<testsuite ignored="7" hostname="romrobillos" failures="3" tests="5" name="Test" time="49.356" errors="0" timestamp="2025-01-10T02:21:15 GMT+08:00">
  <testcase classname="testcase.CheckoutTest" name="testFinishBtnAndGlitchBackhomeBtn" time="3.423"/>
  <testcase classname="testcase.CheckoutTest" name="testFinishBtnAndGlitchBackhomeBtn" time="3.725"/>
  <testcase classname="testcase.CheckoutTest" name="testFinishBtnAndGlitchBackhomeBtn" time="6.182">
    <failure type="java.lang.AssertionError" message="Incomplete information due to defect txtbox! Unable to proceed.">
      <![CDATA[java.lang.AssertionError: Incomplete information due to defect txtbox! Unable to proceed.
at testcase.CheckoutTest.testFinishBtnAndGlitchBackhomeBtn(CheckoutTest.java:149)
at java.base/java.util.ArrayList.forEach(ArrayList.java:1597)
Caused by: org.openqa.selenium.TimeoutException: Expected condition failed: waiting for visibility of Proxy element for: DefaultElementLocator 'By.id: finish' (tried for 3 second(s) with 500 milliseconds interval)
at org.openqa.selenium.support.ui.WebDriverWait.timeoutException(WebDriverWait.java:84)
at org.openqa.selenium.support.ui.FluentWait.until(FluentWait.java:230)
at testcase.CheckoutTest.testFinishBtnAndGlitchBackhomeBtn(CheckoutTest.java:145)
... 26 more
Caused by: org.openqa.selenium.NoSuchElementException: no such element: Unable to locate element: {"method":"css selector","selector":"#finish"}
  (Session info: chrome=131.0.6778.205)
For documentation on this error, please visit: https://www.selenium.dev/documentation/webdriver/troubleshooting/errors#no-such-element-exception
Build info: version: '4.12.1', revision: '8e34639b11'
System info: os.name: 'Windows 11', os.arch: 'amd64', os.version: '10.0', java.version: '23'
Driver info: org.openqa.selenium.chrome.ChromeDriver
Command: [96e87393a609a7bb10fa8178a9aecdf0, findElement {using=id, value=finish}]
Capabilities {acceptInsecureCerts: false, browserName: chrome, browserVersion: 131.0.6778.205, chrome: {chromedriverVersion: 131.0.6778.264 (2d05e315153..., userDataDir: C:\Users\admin\AppData\Loca...}, fedcm:accounts: true, goog:chromeOptions: {debuggerAddress: localhost:64521}, networkConnectionEnabled: false, pageLoadStrategy: normal, platformName: windows, proxy: Proxy(), se:cdp: ws://localhost:64521/devtoo..., se:cdpVersion: 131.0.6778.205, setWindowRect: true, strictFileInteractability: false, timeouts: {implicit: 0, pageLoad: 300000, script: 30000}, unhandledPromptBehavior: dismiss and notify, webauthn:extension:credBlob: true, webauthn:extension:largeBlob: true, webauthn:extension:minPinLength: true, webauthn:extension:prf: true, webauthn:virtualAuthenticators: true}
Session ID: 96e87393a609a7bb10fa8178a9aecdf0
at org.openqa.selenium.remote.codec.w3c.W3CHttpResponseCodec.createException(W3CHttpResponseCodec.java:200)
at org.openqa.selenium.remote.codec.w3c.W3CHttpResponseCodec.decode(W3CHttpResponseCodec.java:133)
at org.openqa.selenium.remote.codec.w3c.W3CHttpResponseCodec.decode(W3CHttpResponseCodec.java:52)
at org.openqa.selenium.remote.HttpCommandExecutor.execute(HttpCommandExecutor.java:191)
at org.openqa.selenium.remote.service.DriverCommandExecutor.invokeExecute(DriverCommandExecutor.java:196)
at org.openqa.selenium.remote.service.DriverCommandExecutor.execute(DriverCommandExecutor.java:171)
at org.openqa.selenium.remote.RemoteWebDriver.execute(RemoteWebDriver.java:602)
at org.openqa.selenium.remote.ElementLocation$ElementFinder$2.findElement(ElementLocation.java:165)
at org.openqa.selenium.remote.ElementLocation.findElement(ElementLocation.java:59)
at org.openqa.selenium.remote.RemoteWebDriver.findElement(RemoteWebDriver.java:359)
at org.openqa.selenium.remote.RemoteWebDriver.findElement(RemoteWebDriver.java:353)
at org.openqa.selenium.support.pagefactory.DefaultElementLocator.findElement(DefaultElementLocator.java:68)
at org.openqa.selenium.support.pagefactory.internal.LocatingElementHandler.invoke(LocatingElementHandler.java:38)
at jdk.proxy2/jdk.proxy2.$Proxy39.isDisplayed(Unknown Source)
at org.openqa.selenium.support.ui.ExpectedConditions.elementIfVisible(ExpectedConditions.java:304)
at org.openqa.selenium.support.ui.ExpectedConditions.access$000(ExpectedConditions.java:37)
at org.openqa.selenium.support.ui.ExpectedConditions$10.apply(ExpectedConditions.java:290)
at org.openqa.selenium.support.ui.ExpectedConditions$10.apply(ExpectedConditions.java:287)
at org.openqa.selenium.support.ui.FluentWait.until(FluentWait.java:205)
... 27 more
... Removed 29 stack frames]]>
    </failure>
  </testcase> <!-- testFinishBtnAndGlitchBackhomeBtn -->
  <testcase classname="testcase.CheckoutTest" name="testFinishBtnAndGlitchBackhomeBtn" time="14.071">
    <failure type="java.lang.AssertionError" message="
Backhome took 5.4656998 seconds expecting &amp;lt;=1.0 seconds expected [true] but found [false]">
      <![CDATA[java.lang.AssertionError: 
Backhome took 5.4656998 seconds expecting <=1.0 seconds expected [true] but found [false]
at testcase.CheckoutTest.testFinishBtnAndGlitchBackhomeBtn(CheckoutTest.java:163)
at java.base/java.util.ArrayList.forEach(ArrayList.java:1597)
... Removed 28 stack frames]]>
    </failure>
  </testcase> <!-- testFinishBtnAndGlitchBackhomeBtn -->
  <testcase classname="testcase.CheckoutTest" name="testFinishBtnAndGlitchBackhomeBtn" time="7.069">
    <failure type="java.lang.AssertionError" message="Test failed due to defect FinishBtn! Unable to proceed!.">
      <![CDATA[java.lang.AssertionError: Test failed due to defect FinishBtn! Unable to proceed!.
at testcase.CheckoutTest.testFinishBtnAndGlitchBackhomeBtn(CheckoutTest.java:159)
at java.base/java.util.ArrayList.forEach(ArrayList.java:1597)
Caused by: org.openqa.selenium.TimeoutException: Expected condition failed: waiting for visibility of Proxy element for: DefaultElementLocator 'By.id: back-to-products' (tried for 3 second(s) with 500 milliseconds interval)
at org.openqa.selenium.support.ui.WebDriverWait.timeoutException(WebDriverWait.java:84)
at org.openqa.selenium.support.ui.FluentWait.until(FluentWait.java:230)
at testcase.CheckoutTest.testFinishBtnAndGlitchBackhomeBtn(CheckoutTest.java:153)
... 26 more
Caused by: org.openqa.selenium.NoSuchElementException: no such element: Unable to locate element: {"method":"css selector","selector":"#back\-to\-products"}
  (Session info: chrome=131.0.6778.205)
For documentation on this error, please visit: https://www.selenium.dev/documentation/webdriver/troubleshooting/errors#no-such-element-exception
Build info: version: '4.12.1', revision: '8e34639b11'
System info: os.name: 'Windows 11', os.arch: 'amd64', os.version: '10.0', java.version: '23'
Driver info: org.openqa.selenium.chrome.ChromeDriver
Command: [55086c30170fd526d9aaccba9b18b23a, findElement {using=id, value=back-to-products}]
Capabilities {acceptInsecureCerts: false, browserName: chrome, browserVersion: 131.0.6778.205, chrome: {chromedriverVersion: 131.0.6778.264 (2d05e315153..., userDataDir: C:\Users\admin\AppData\Loca...}, fedcm:accounts: true, goog:chromeOptions: {debuggerAddress: localhost:64572}, networkConnectionEnabled: false, pageLoadStrategy: normal, platformName: windows, proxy: Proxy(), se:cdp: ws://localhost:64572/devtoo..., se:cdpVersion: 131.0.6778.205, setWindowRect: true, strictFileInteractability: false, timeouts: {implicit: 0, pageLoad: 300000, script: 30000}, unhandledPromptBehavior: dismiss and notify, webauthn:extension:credBlob: true, webauthn:extension:largeBlob: true, webauthn:extension:minPinLength: true, webauthn:extension:prf: true, webauthn:virtualAuthenticators: true}
Session ID: 55086c30170fd526d9aaccba9b18b23a
at org.openqa.selenium.remote.codec.w3c.W3CHttpResponseCodec.createException(W3CHttpResponseCodec.java:200)
at org.openqa.selenium.remote.codec.w3c.W3CHttpResponseCodec.decode(W3CHttpResponseCodec.java:133)
at org.openqa.selenium.remote.codec.w3c.W3CHttpResponseCodec.decode(W3CHttpResponseCodec.java:52)
at org.openqa.selenium.remote.HttpCommandExecutor.execute(HttpCommandExecutor.java:191)
at org.openqa.selenium.remote.service.DriverCommandExecutor.invokeExecute(DriverCommandExecutor.java:196)
at org.openqa.selenium.remote.service.DriverCommandExecutor.execute(DriverCommandExecutor.java:171)
at org.openqa.selenium.remote.RemoteWebDriver.execute(RemoteWebDriver.java:602)
at org.openqa.selenium.remote.ElementLocation$ElementFinder$2.findElement(ElementLocation.java:165)
at org.openqa.selenium.remote.ElementLocation.findElement(ElementLocation.java:59)
at org.openqa.selenium.remote.RemoteWebDriver.findElement(RemoteWebDriver.java:359)
at org.openqa.selenium.remote.RemoteWebDriver.findElement(RemoteWebDriver.java:353)
at org.openqa.selenium.support.pagefactory.DefaultElementLocator.findElement(DefaultElementLocator.java:68)
at org.openqa.selenium.support.pagefactory.internal.LocatingElementHandler.invoke(LocatingElementHandler.java:38)
at jdk.proxy2/jdk.proxy2.$Proxy39.isDisplayed(Unknown Source)
at org.openqa.selenium.support.ui.ExpectedConditions.elementIfVisible(ExpectedConditions.java:304)
at org.openqa.selenium.support.ui.ExpectedConditions.access$000(ExpectedConditions.java:37)
at org.openqa.selenium.support.ui.ExpectedConditions$10.apply(ExpectedConditions.java:290)
at org.openqa.selenium.support.ui.ExpectedConditions$10.apply(ExpectedConditions.java:287)
at org.openqa.selenium.support.ui.FluentWait.until(FluentWait.java:205)
... 27 more
... Removed 29 stack frames]]>
    </failure>
  </testcase> <!-- testFinishBtnAndGlitchBackhomeBtn -->
  <testcase classname="testcase.CheckoutTest" name="isCheckoutAllComplete" time="0.0">
    <ignored/>
  </testcase> <!-- isCheckoutAllComplete -->
  <testcase classname="testcase.CheckoutTest" name="testGlitchCancelBtn" time="0.0">
    <ignored/>
  </testcase> <!-- testGlitchCancelBtn -->
  <testcase classname="testcase.CheckoutTest" name="toCancelCheckout" time="0.0">
    <ignored/>
  </testcase> <!-- toCancelCheckout -->
  <testcase classname="testcase.CheckoutTest" name="isErrorMsgIsDisplayedForMissingFirstName" time="0.0">
    <ignored/>
  </testcase> <!-- isErrorMsgIsDisplayedForMissingFirstName -->
  <testcase classname="testcase.CheckoutTest" name="isErrorMsgIsDisplayedForMissingLastName" time="0.0">
    <ignored/>
  </testcase> <!-- isErrorMsgIsDisplayedForMissingLastName -->
  <testcase classname="testcase.CheckoutTest" name="isErrorMsgDisplayedForMissingPostal" time="0.0">
    <ignored/>
  </testcase> <!-- isErrorMsgDisplayedForMissingPostal -->
  <testcase classname="testcase.CheckoutTest" name="yourInformationPageTxtFunction" time="0.0">
    <ignored/>
  </testcase> <!-- yourInformationPageTxtFunction -->
</testsuite> <!-- Test -->
